<?xml version="1.0" encoding="UTF-8"?>
<!-- Generated by org.testng.reporters.JUnitReportReporter -->
<testsuite hostname="DESKTOP-GHO9U30" failures="0" tests="1" name="test12.test13.PersonalLoan" time="0.001" errors="0" timestamp="28 Oct 2022 15:23:36 GMT">
  <testcase classname="test12.test13.PersonalLoan" name="logintoBranchforPersonalLoan" time="0.001"/>
</testsuite> <!-- test12.test13.PersonalLoan -->
